#-----------------------------------------------------------
# Webtalk v2018.3 (64-bit)
# SW Build 2405991 on Thu Dec  6 23:36:41 MST 2018
# 
# Start of session at: Thu Mar  4 17:18:09 2021
# Process ID: 8438
# Current directory: /home/meysam/zed-rs232/zed-rs232.sdk/webtalk
# Command line: wbtcv -mode batch -source sdk_webtalk.tcl
# Log file: /home/meysam/zed-rs232/zed-rs232.sdk/webtalk/webtalk.log
# Journal file: /home/meysam/zed-rs232/zed-rs232.sdk/webtalk/webtalk.jou
#-----------------------------------------------------------
source sdk_webtalk.tcl
# webtalk_init -webtalk_dir /home/meysam/zed-rs232/zed-rs232.sdk/webtalk
# webtalk_register_client -client project
# webtalk_add_data -client project -key date_generated -value "2021-03-04 17:18:07" -context "software_version_and_target_device"
# webtalk_add_data -client project -key product_version -value "SDK v2018.3" -context "software_version_and_target_device"
# webtalk_add_data -client project -key build_version -value "2018.3" -context "software_version_and_target_device"
# webtalk_add_data -client project -key os_platform -value "amd64" -context "software_version_and_target_device"
# webtalk_add_data -client project -key registration_id -value "" -context "software_version_and_target_device"
# webtalk_add_data -client project -key tool_flow -value "SDK" -context "software_version_and_target_device"
# webtalk_add_data -client project -key beta -value "false" -context "software_version_and_target_device"
# webtalk_add_data -client project -key route_design -value "NA" -context "software_version_and_target_device"
# webtalk_add_data -client project -key target_family -value "NA" -context "software_version_and_target_device"
# webtalk_add_data -client project -key target_device -value "NA" -context "software_version_and_target_device"
# webtalk_add_data -client project -key target_package -value "NA" -context "software_version_and_target_device"
# webtalk_add_data -client project -key target_speed -value "NA" -context "software_version_and_target_device"
# webtalk_add_data -client project -key random_id -value "8v710qv9ggc4u301cacrol6vmv" -context "software_version_and_target_device"
# webtalk_add_data -client project -key project_id -value "2018.3_2" -context "software_version_and_target_device"
# webtalk_add_data -client project -key project_iteration -value "2" -context "software_version_and_target_device"
# webtalk_add_data -client project -key os_name -value "Ubuntu" -context "user_environment"
# webtalk_add_data -client project -key os_release -value "Ubuntu 18.04.5 LTS" -context "user_environment"
# webtalk_add_data -client project -key cpu_name -value "AMD FX-7600P Radeon R7, 12 Compute Cores 4C+8G" -context "user_environment"
# webtalk_add_data -client project -key cpu_speed -value "1470.821 MHz" -context "user_environment"
# webtalk_add_data -client project -key total_processors -value "1" -context "user_environment"
# webtalk_add_data -client project -key system_ram -value "7.292 GB" -context "user_environment"
# webtalk_register_client -client sdk
# webtalk_add_data -client sdk -key uid -value "1614865045000" -context "sdk\\\\hardware/1614865045000"
# webtalk_add_data -client sdk -key isZynq -value "true" -context "sdk\\\\hardware/1614865045000"
# webtalk_add_data -client sdk -key isZynqMP -value "false" -context "sdk\\\\hardware/1614865045000"
# webtalk_add_data -client sdk -key Processors -value "2" -context "sdk\\\\hardware/1614865045000"
# webtalk_add_data -client sdk -key VivadoVersion -value "2018.3" -context "sdk\\\\hardware/1614865045000"
# webtalk_add_data -client sdk -key Arch -value "zynq" -context "sdk\\\\hardware/1614865045000"
# webtalk_add_data -client sdk -key Device -value "7z020" -context "sdk\\\\hardware/1614865045000"
# webtalk_add_data -client sdk -key IsHandoff -value "true" -context "sdk\\\\hardware/1614865045000"
# webtalk_add_data -client sdk -key os -value "NA" -context "sdk\\\\hardware/1614865045000"
# webtalk_add_data -client sdk -key apptemplate -value "NA" -context "sdk\\\\hardware/1614865045000"
# webtalk_add_data -client sdk -key RecordType -value "HWCreation" -context "sdk\\\\hardware/1614865045000"
# webtalk_add_data -client sdk -key uid -value "1614865103000" -context "sdk\\\\bsp/1614865103000"
# webtalk_add_data -client sdk -key hwid -value "1614865045000" -context "sdk\\\\bsp/1614865103000"
# webtalk_add_data -client sdk -key os -value "standalone" -context "sdk\\\\bsp/1614865103000"
# webtalk_add_data -client sdk -key apptemplate -value "empty_application" -context "sdk\\\\bsp/1614865103000"
# webtalk_add_data -client sdk -key RecordType -value "BSPCreation" -context "sdk\\\\bsp/1614865103000"
# webtalk_add_data -client sdk -key uid -value "1614865111000" -context "sdk\\\\application/1614865111000"
# webtalk_add_data -client sdk -key hwid -value "1614865045000" -context "sdk\\\\application/1614865111000"
# webtalk_add_data -client sdk -key bspid -value "1614865103000" -context "sdk\\\\application/1614865111000"
# webtalk_add_data -client sdk -key newbsp -value "true" -context "sdk\\\\application/1614865111000"
# webtalk_add_data -client sdk -key os -value "standalone" -context "sdk\\\\application/1614865111000"
# webtalk_add_data -client sdk -key apptemplate -value "empty_application" -context "sdk\\\\application/1614865111000"
# webtalk_add_data -client sdk -key RecordType -value "APPCreation" -context "sdk\\\\application/1614865111000"
# webtalk_add_data -client sdk -key LangUsed -value "C" -context "sdk\\\\application/1614865111000"
# webtalk_add_data -client sdk -key Procused -value "ps7_cortexa9" -context "sdk\\\\application/1614865111000"
# webtalk_add_data -client sdk -key uid -value "NA" -context "sdk\\\\bsp/1614865687721"
# webtalk_add_data -client sdk -key RecordType -value "ToolUsage" -context "sdk\\\\bsp/1614865687721"
# webtalk_add_data -client sdk -key BootgenCount -value "0" -context "sdk\\\\bsp/1614865687721"
# webtalk_add_data -client sdk -key DebugCount -value "0" -context "sdk\\\\bsp/1614865687721"
# webtalk_add_data -client sdk -key PerfCount -value "0" -context "sdk\\\\bsp/1614865687721"
# webtalk_add_data -client sdk -key FlashCount -value "0" -context "sdk\\\\bsp/1614865687721"
# webtalk_add_data -client sdk -key CrossTriggCount -value "0" -context "sdk\\\\bsp/1614865687721"
# webtalk_add_data -client sdk -key QemuDebugCount -value "0" -context "sdk\\\\bsp/1614865687721"
# webtalk_transmit -clientid 1520322866 -regid "" -xml /home/meysam/zed-rs232/zed-rs232.sdk/webtalk/usage_statistics_ext_sdk.xml -html /home/meysam/zed-rs232/zed-rs232.sdk/webtalk/usage_statistics_ext_sdk.html -wdm /home/meysam/zed-rs232/zed-rs232.sdk/webtalk/sdk_webtalk.wdm -intro "<H3>SDK Usage Report</H3><BR>"
# webtalk_terminate
INFO: [Common 17-206] Exiting Webtalk at Thu Mar  4 17:18:09 2021...
